<?xml version="1.0" encoding="UTF-8"?>
<testsuite xmlns:xsi="http://www.w3.org/2001/XMLSchema-instance" xsi:noNamespaceSchemaLocation="https://maven.apache.org/surefire/maven-surefire-plugin/xsd/surefire-test-report.xsd" version="3.0.2" name="com.cognizant.gateway.GatewayApplicationTests" time="1.553" tests="1" errors="0" skipped="0" failures="0">
  <properties>
[...]
</properties>
  <testcase name="contextLoads" classname="com.cognizant.gateway.GatewayApplicationTests" time="0.316">
    <system-out><![CDATA[13:42:08.305 [main] INFO org.springframework.test.context.support.AnnotationConfigContextLoaderUtils -- Could not detect default configuration classes for test class [com.cognizant.gateway.GatewayApplicationTests]: GatewayApplicationTests does not declare any static, non-private, non-final, nested classes annotated with @Configuration.
13:42:08.351 [main] INFO org.springframework.boot.test.context.SpringBootTestContextBootstrapper -- Found @SpringBootConfiguration com.cognizant.gateway.GatewayApplication for test class com.cognizant.gateway.GatewayApplicationTests
13:42:08.506 [main] INFO org.springframework.boot.devtools.restart.RestartApplicationListener -- Restart disabled due to context in which it is running

  .   ____          _            __ _ _
 /\\ / ___'_ __ _ _(_)_ __  __ _ \ \ \ \
( ( )\___ | '_ | '_| | '_ \/ _` | \ \ \ \
 \\/  ___)| |_)| | | | | || (_| |  ) ) ) )
  '  |____| .__|_| |_|_| |_\__, | / / / /
 =========|_|==============|___/=/_/_/_/

 :: Spring Boot ::                (v3.5.4)

2026-07-04T13:42:08.648+05:30  INFO 2744 --- [gateway-loadbalancer] [           main] c.c.gateway.GatewayApplicationTests      : Starting GatewayApplicationTests using Java 26.0.1 with PID 2744 (started by dhineshkumar in /Users/dhineshkumar/Documents/Microservices-1/Handson-2)
2026-07-04T13:42:08.648+05:30 DEBUG 2744 --- [gateway-loadbalancer] [           main] c.c.gateway.GatewayApplicationTests      : Running with Spring Boot v3.5.4, Spring v6.2.9
2026-07-04T13:42:08.648+05:30  INFO 2744 --- [gateway-loadbalancer] [           main] c.c.gateway.GatewayApplicationTests      : No active profile set, falling back to 1 default profile: "default"
2026-07-04T13:42:09.033+05:30  INFO 2744 --- [gateway-loadbalancer] [           main] o.s.cloud.context.scope.GenericScope     : BeanFactory id=3ea05ca7-9006-3fad-826c-586afb2745eb
2026-07-04T13:42:09.189+05:30  WARN 2744 --- [gateway-loadbalancer] [           main] GatewayClassPathWarningAutoConfiguration : 

**********************************************************

The artifact spring-cloud-gateway-server is deprecated. It will be removed in the next major release. Please add spring-cloud-gateway-server-webflux dependency.

**********************************************************


2026-07-04T13:42:09.370+05:30  INFO 2744 --- [gateway-loadbalancer] [           main] o.s.c.g.r.RouteDefinitionRouteLocator    : Loaded RoutePredicateFactory [After]
2026-07-04T13:42:09.370+05:30  INFO 2744 --- [gateway-loadbalancer] [           main] o.s.c.g.r.RouteDefinitionRouteLocator    : Loaded RoutePredicateFactory [Before]
2026-07-04T13:42:09.370+05:30  INFO 2744 --- [gateway-loadbalancer] [           main] o.s.c.g.r.RouteDefinitionRouteLocator    : Loaded RoutePredicateFactory [Between]
2026-07-04T13:42:09.370+05:30  INFO 2744 --- [gateway-loadbalancer] [           main] o.s.c.g.r.RouteDefinitionRouteLocator    : Loaded RoutePredicateFactory [Cookie]
2026-07-04T13:42:09.370+05:30  INFO 2744 --- [gateway-loadbalancer] [           main] o.s.c.g.r.RouteDefinitionRouteLocator    : Loaded RoutePredicateFactory [Header]
2026-07-04T13:42:09.370+05:30  INFO 2744 --- [gateway-loadbalancer] [           main] o.s.c.g.r.RouteDefinitionRouteLocator    : Loaded RoutePredicateFactory [Host]
2026-07-04T13:42:09.370+05:30  INFO 2744 --- [gateway-loadbalancer] [           main] o.s.c.g.r.RouteDefinitionRouteLocator    : Loaded RoutePredicateFactory [Method]
2026-07-04T13:42:09.370+05:30  INFO 2744 --- [gateway-loadbalancer] [           main] o.s.c.g.r.RouteDefinitionRouteLocator    : Loaded RoutePredicateFactory [Path]
2026-07-04T13:42:09.370+05:30  INFO 2744 --- [gateway-loadbalancer] [           main] o.s.c.g.r.RouteDefinitionRouteLocator    : Loaded RoutePredicateFactory [Query]
2026-07-04T13:42:09.371+05:30  INFO 2744 --- [gateway-loadbalancer] [           main] o.s.c.g.r.RouteDefinitionRouteLocator    : Loaded RoutePredicateFactory [ReadBody]
2026-07-04T13:42:09.371+05:30  INFO 2744 --- [gateway-loadbalancer] [           main] o.s.c.g.r.RouteDefinitionRouteLocator    : Loaded RoutePredicateFactory [RemoteAddr]
2026-07-04T13:42:09.371+05:30  INFO 2744 --- [gateway-loadbalancer] [           main] o.s.c.g.r.RouteDefinitionRouteLocator    : Loaded RoutePredicateFactory [XForwardedRemoteAddr]
2026-07-04T13:42:09.371+05:30  INFO 2744 --- [gateway-loadbalancer] [           main] o.s.c.g.r.RouteDefinitionRouteLocator    : Loaded RoutePredicateFactory [Weight]
2026-07-04T13:42:09.371+05:30  INFO 2744 --- [gateway-loadbalancer] [           main] o.s.c.g.r.RouteDefinitionRouteLocator    : Loaded RoutePredicateFactory [CloudFoundryRouteService]
2026-07-04T13:42:09.442+05:30  WARN 2744 --- [gateway-loadbalancer] [           main] s.w.s.StarterDeprecatedAutoConfiguration : 

**********************************************************

spring-cloud-starter-gateway is deprecated. It will be removed in the next major release. Please use spring-cloud-starter-gateway-server-webflux instead.

**********************************************************


2026-07-04T13:42:09.445+05:30  WARN 2744 --- [gateway-loadbalancer] [           main] iguration$LoadBalancerCaffeineWarnLogger : Spring Cloud LoadBalancer is currently working with the default cache. While this cache implementation is useful for development and tests, it's recommended to use Caffeine cache in production.You can switch to using Caffeine cache, by adding it and org.springframework.cache.caffeine.CaffeineCacheManager to the classpath.
2026-07-04T13:42:09.484+05:30  INFO 2744 --- [gateway-loadbalancer] [           main] c.c.gateway.GatewayApplicationTests      : Started GatewayApplicationTests in 0.983 seconds (process running for 1.471)
2026-07-04T13:42:09.486+05:30  WARN 2744 --- [gateway-loadbalancer] [           main] ServerWebfluxPropertiesMigrationListener : 
The use of configuration keys that have been renamed was found in the environment:

Property source 'Config resource 'class path resource [application.properties]' via location 'optional:classpath:/'':
	Key: spring.cloud.gateway.routes[0].id
		Line: 6
		Replacement: spring.cloud.gateway.server.webflux.routes[0].id
	Key: spring.cloud.gateway.routes[0].uri
		Line: 7
		Replacement: spring.cloud.gateway.server.webflux.routes[0].uri
	Key: spring.cloud.gateway.routes[0].predicates[0]
		Line: 8
		Replacement: spring.cloud.gateway.server.webflux.routes[0].predicates[0]


Each configuration key has been temporarily mapped to its replacement for your convenience. To silence this warning, please update your configuration to use the new keys.

2026-07-04T13:42:09.486+05:30  WARN 2744 --- [gateway-loadbalancer] [           main] o.s.b.c.p.m.PropertiesMigrationListener  : 
The use of configuration keys that have been renamed was found in the environment:

Property source 'Config resource 'class path resource [application.properties]' via location 'optional:classpath:/'':
	Key: spring.cloud.gateway.discovery.locator.enabled
		Line: 11
		Replacement: spring.cloud.gateway.server.webflux.discovery.locator.enabled


Each configuration key has been temporarily mapped to its replacement for your convenience. To silence this warning, please update your configuration to use the new keys.

]]></system-out>
    <system-err><![CDATA[Mockito is currently self-attaching to enable the inline-mock-maker. This will no longer work in future releases of the JDK. Please add Mockito as an agent to your build as described in Mockito's documentation: https://javadoc.io/doc/org.mockito/mockito-core/latest/org.mockito/org/mockito/Mockito.html#0.3
WARNING: A Java agent has been loaded dynamically (/Users/dhineshkumar/.m2/repository/net/bytebuddy/byte-buddy-agent/1.17.6/byte-buddy-agent-1.17.6.jar)
WARNING: If a serviceability tool is in use, please run with -XX:+EnableDynamicAgentLoading to hide this warning
WARNING: If a serviceability tool is not in use, please run with -Djdk.instrument.traceUsage for more information
WARNING: Dynamic loading of agents will be disallowed by default in a future release
]]></system-err>
  </testcase>
</testsuite>